2025-03-27 14:39:18 - INFO - Starting the trading bot script...
2025-03-27 14:39:32 - INFO - Starting the trading bot script...
2025-03-27 14:39:37 - INFO - Starting the trading bot script...
2025-03-27 14:39:44 - INFO - Starting the trading bot script...
2025-03-27 14:42:19 - INFO - Starting the trading bot script...
2025-03-27 14:42:31 - INFO - Starting the trading bot script...
2025-03-27 14:43:42 - INFO - Starting the trading bot script...
2025-03-27 14:43:42 - INFO - Bot is actively trading...
2025-03-27 14:43:47 - INFO - Bot is actively trading...
2025-03-27 14:43:52 - INFO - Bot is actively trading...
2025-03-27 14:43:57 - INFO - Bot is actively trading...
2025-03-27 14:44:02 - INFO - Bot is actively trading...
2025-03-27 14:44:07 - INFO - Bot is actively trading...
2025-03-27 14:44:12 - INFO - Bot is actively trading...
2025-03-27 14:44:17 - INFO - Bot is actively trading...
2025-03-27 14:44:22 - INFO - Bot is actively trading...
2025-03-27 14:44:27 - INFO - Bot is actively trading...
2025-03-27 14:44:32 - INFO - Bot is actively trading...
2025-03-27 14:44:37 - INFO - Bot is actively trading...
2025-03-27 14:44:42 - INFO - Bot is actively trading...
2025-03-27 14:44:47 - INFO - Bot is actively trading...
2025-03-27 14:44:52 - INFO - Bot is actively trading...
2025-03-27 14:44:57 - INFO - Bot is actively trading...
2025-03-27 14:45:02 - INFO - Bot is actively trading...
2025-03-27 14:45:07 - INFO - Bot is actively trading...
2025-03-27 14:45:12 - INFO - Bot is actively trading...
2025-03-27 14:45:17 - INFO - Bot is actively trading...
2025-03-27 14:45:22 - INFO - Bot is actively trading...
2025-03-27 14:45:27 - INFO - Bot is actively trading...
2025-03-27 14:45:32 - INFO - Bot is actively trading...
2025-03-27 14:45:37 - INFO - Bot is actively trading...
2025-03-27 14:45:42 - INFO - Bot is actively trading...
2025-03-27 14:45:47 - INFO - Bot is actively trading...
2025-03-27 14:45:52 - INFO - Bot is actively trading...
2025-03-27 14:45:57 - INFO - Bot is actively trading...
2025-03-27 14:46:02 - INFO - Bot is actively trading...
2025-03-27 14:46:07 - INFO - Bot is actively trading...
2025-03-27 14:46:12 - INFO - Bot is actively trading...
2025-03-27 14:46:17 - INFO - Bot is actively trading...
2025-03-27 14:46:22 - INFO - Bot is actively trading...
2025-03-27 14:46:27 - INFO - Bot is actively trading...
2025-03-27 14:46:32 - INFO - Bot is actively trading...
2025-03-27 14:46:37 - INFO - Bot is actively trading...
2025-03-27 14:46:42 - INFO - Bot is actively trading...
2025-03-27 14:46:47 - INFO - Bot is actively trading...
2025-03-27 14:46:52 - INFO - Bot is actively trading...
2025-03-27 14:46:57 - INFO - Bot is actively trading...
2025-03-27 14:47:02 - INFO - Bot is actively trading...
2025-03-27 14:47:07 - INFO - Bot is actively trading...
2025-03-27 14:47:12 - INFO - Bot is actively trading...
2025-03-27 14:47:17 - INFO - Bot is actively trading...
2025-03-27 14:47:22 - INFO - Bot is actively trading...
2025-03-27 14:47:27 - INFO - Bot is actively trading...
2025-03-27 14:47:32 - INFO - Bot is actively trading...
2025-03-27 14:47:37 - INFO - Bot is actively trading...
2025-03-27 14:47:42 - INFO - Bot is actively trading...
2025-03-27 14:47:47 - INFO - Bot is actively trading...
2025-03-27 14:47:52 - INFO - Bot is actively trading...
2025-03-27 14:47:57 - INFO - Bot is actively trading...
2025-03-27 14:48:02 - INFO - Bot is actively trading...
2025-03-27 14:48:07 - INFO - Bot is actively trading...
2025-03-27 14:48:12 - INFO - Bot is actively trading...
2025-03-27 14:48:17 - INFO - Bot is actively trading...
2025-03-27 14:48:22 - INFO - Bot is actively trading...
2025-03-27 14:48:27 - INFO - Bot is actively trading...
2025-03-27 14:48:32 - INFO - Bot is actively trading...
2025-03-27 14:48:37 - INFO - Bot is actively trading...
2025-03-27 14:48:42 - INFO - Bot is actively trading...
2025-03-27 14:48:47 - INFO - Bot is actively trading...
2025-03-27 14:48:52 - INFO - Bot is actively trading...
2025-03-27 14:48:57 - INFO - Bot is actively trading...
2025-03-27 14:49:02 - INFO - Bot is actively trading...
2025-03-27 14:49:07 - INFO - Bot is actively trading...
2025-03-27 14:49:12 - INFO - Bot is actively trading...
2025-03-27 14:49:17 - INFO - Bot is actively trading...
2025-03-27 14:49:22 - INFO - Bot is actively trading...
2025-03-27 14:49:27 - INFO - Bot is actively trading...
2025-03-27 14:49:32 - INFO - Bot is actively trading...
2025-03-27 14:49:37 - INFO - Bot is actively trading...
2025-03-27 14:49:42 - INFO - Bot is actively trading...
2025-03-27 14:49:47 - INFO - Bot is actively trading...
2025-03-27 14:49:52 - INFO - Bot is actively trading...
2025-03-27 14:49:57 - INFO - Bot is actively trading...
2025-03-27 14:50:02 - INFO - Bot is actively trading...
2025-03-27 14:50:07 - INFO - Bot is actively trading...
2025-03-27 14:50:12 - INFO - Bot is actively trading...
2025-03-27 14:50:17 - INFO - Bot is actively trading...
2025-03-27 14:50:22 - INFO - Bot is actively trading...
2025-03-27 14:50:27 - INFO - Bot is actively trading...
2025-03-27 14:50:32 - INFO - Bot is actively trading...
2025-03-27 14:50:37 - INFO - Bot is actively trading...
2025-03-27 14:50:42 - INFO - Bot is actively trading...
2025-03-27 14:50:47 - INFO - Bot is actively trading...
2025-03-27 14:50:52 - INFO - Bot is actively trading...
2025-03-27 14:50:57 - INFO - Bot is actively trading...
2025-03-27 14:51:02 - INFO - Bot is actively trading...
2025-03-27 14:51:07 - INFO - Bot is actively trading...
2025-03-27 14:51:12 - INFO - Bot is actively trading...
2025-03-27 14:51:17 - INFO - Bot is actively trading...
2025-03-27 14:51:22 - INFO - Bot is actively trading...
2025-03-27 14:51:27 - INFO - Bot is actively trading...
2025-03-27 14:51:32 - INFO - Bot is actively trading...
2025-03-27 14:51:37 - INFO - Bot is actively trading...
2025-03-27 14:51:42 - INFO - Bot is actively trading...
2025-03-27 14:51:47 - INFO - Bot is actively trading...
2025-03-27 14:51:52 - INFO - Bot is actively trading...
2025-03-27 14:51:57 - INFO - Bot is actively trading...
2025-03-27 14:52:02 - INFO - Bot is actively trading...
2025-03-27 14:52:07 - INFO - Bot is actively trading...
2025-03-27 14:52:12 - INFO - Bot is actively trading...
2025-03-27 14:52:17 - INFO - Bot is actively trading...
2025-03-27 14:52:22 - INFO - Bot is actively trading...
2025-03-27 14:52:27 - INFO - Bot is actively trading...
2025-03-27 14:52:32 - INFO - Bot is actively trading...
2025-03-27 14:52:37 - INFO - Bot is actively trading...
2025-03-27 14:52:42 - INFO - Bot is actively trading...
2025-03-27 14:52:47 - INFO - Bot is actively trading...
2025-03-27 14:52:52 - INFO - Bot is actively trading...
2025-03-27 14:52:57 - INFO - Bot is actively trading...
2025-03-27 14:53:02 - INFO - Bot is actively trading...
2025-03-27 14:53:07 - INFO - Bot is actively trading...
2025-03-27 14:53:12 - INFO - Bot is actively trading...
2025-03-27 14:53:17 - INFO - Bot is actively trading...
2025-03-27 14:53:22 - INFO - Bot is actively trading...
2025-03-27 14:53:27 - INFO - Bot is actively trading...
2025-03-27 14:53:32 - INFO - Bot is actively trading...
2025-03-27 14:53:37 - INFO - Bot is actively trading...
2025-03-27 14:53:42 - INFO - Bot is actively trading...
2025-03-27 14:53:47 - INFO - Bot is actively trading...
2025-03-27 14:53:52 - INFO - Bot is actively trading...
2025-03-27 14:53:57 - INFO - Bot is actively trading...
2025-03-27 14:54:02 - INFO - Bot is actively trading...
2025-03-27 14:54:07 - INFO - Bot is actively trading...
2025-03-27 14:54:12 - INFO - Bot is actively trading...
2025-03-27 14:54:17 - INFO - Bot is actively trading...
2025-03-27 14:54:22 - INFO - Bot is actively trading...
2025-03-27 14:54:27 - INFO - Bot is actively trading...
2025-03-27 14:54:32 - INFO - Bot is actively trading...
2025-03-27 14:54:37 - INFO - Bot is actively trading...
2025-03-27 14:54:42 - INFO - Bot is actively trading...
2025-03-27 14:54:47 - INFO - Bot is actively trading...
2025-03-27 14:54:52 - INFO - Bot is actively trading...
2025-03-27 14:54:57 - INFO - Bot is actively trading...
2025-03-27 14:55:02 - INFO - Bot is actively trading...
2025-03-27 14:55:07 - INFO - Bot is actively trading...
2025-03-27 14:55:12 - INFO - Bot is actively trading...
2025-03-27 14:55:17 - INFO - Bot is actively trading...
2025-03-27 14:55:22 - INFO - Bot is actively trading...
2025-03-27 14:55:27 - INFO - Bot is actively trading...
2025-03-27 14:55:32 - INFO - Bot is actively trading...
2025-03-27 14:55:37 - INFO - Bot is actively trading...
2025-03-27 14:55:42 - INFO - Bot is actively trading...
2025-03-27 14:55:47 - INFO - Bot is actively trading...
2025-03-27 14:55:52 - INFO - Bot is actively trading...
2025-03-27 14:55:57 - INFO - Bot is actively trading...
2025-03-27 14:56:02 - INFO - Bot is actively trading...
2025-03-27 14:56:07 - INFO - Bot is actively trading...
2025-03-27 14:56:12 - INFO - Bot is actively trading...
2025-03-27 14:56:17 - INFO - Bot is actively trading...
2025-03-27 14:56:22 - INFO - Bot is actively trading...
2025-03-27 14:56:27 - INFO - Bot is actively trading...
2025-03-27 14:56:32 - INFO - Bot is actively trading...
2025-03-27 14:56:37 - INFO - Bot is actively trading...
2025-03-27 14:56:42 - INFO - Bot is actively trading...
2025-03-27 14:56:47 - INFO - Bot is actively trading...
2025-03-27 14:56:52 - INFO - Bot is actively trading...
2025-03-27 14:56:57 - INFO - Bot is actively trading...
2025-03-27 14:57:02 - INFO - Bot is actively trading...
2025-03-27 14:57:07 - INFO - Bot is actively trading...
2025-03-27 14:57:12 - INFO - Bot is actively trading...
2025-03-27 14:57:17 - INFO - Bot is actively trading...
2025-03-27 14:57:22 - INFO - Bot is actively trading...
2025-03-27 14:57:27 - INFO - Bot is actively trading...
2025-03-27 14:57:32 - INFO - Bot is actively trading...
2025-03-27 14:57:37 - INFO - Bot is actively trading...
2025-03-27 14:57:42 - INFO - Bot is actively trading...
2025-03-27 14:57:47 - INFO - Bot is actively trading...
2025-03-27 14:57:52 - INFO - Bot is actively trading...
2025-03-27 14:57:57 - INFO - Bot is actively trading...
2025-03-27 14:58:02 - INFO - Bot is actively trading...
2025-03-27 14:58:07 - INFO - Bot is actively trading...
2025-03-27 14:58:12 - INFO - Bot is actively trading...
2025-03-27 14:58:17 - INFO - Bot is actively trading...
2025-03-27 14:58:22 - INFO - Bot is actively trading...
2025-03-27 14:58:27 - INFO - Bot is actively trading...
2025-03-27 14:58:32 - INFO - Bot is actively trading...
2025-03-27 14:58:37 - INFO - Bot is actively trading...
2025-03-27 14:58:42 - INFO - Bot is actively trading...
2025-03-27 14:58:47 - INFO - Bot is actively trading...
2025-03-27 14:58:52 - INFO - Bot is actively trading...
2025-03-27 14:58:57 - INFO - Bot is actively trading...
2025-03-27 14:59:02 - INFO - Bot is actively trading...
2025-03-27 14:59:07 - INFO - Bot is actively trading...
2025-03-27 14:59:12 - INFO - Bot is actively trading...
2025-03-27 14:59:17 - INFO - Bot is actively trading...
2025-03-27 14:59:22 - INFO - Bot is actively trading...
2025-03-27 14:59:27 - INFO - Bot is actively trading...
2025-03-27 14:59:32 - INFO - Bot is actively trading...
2025-03-27 14:59:37 - INFO - Bot is actively trading...
2025-03-27 14:59:42 - INFO - Bot is actively trading...
2025-03-27 14:59:47 - INFO - Bot is actively trading...
2025-03-27 14:59:52 - INFO - Bot is actively trading...
2025-03-27 14:59:57 - INFO - Bot is actively trading...
2025-03-27 15:00:02 - INFO - Bot is actively trading...
2025-03-27 15:00:07 - INFO - Bot is actively trading...
2025-03-27 15:00:12 - INFO - Bot is actively trading...
2025-03-27 15:00:17 - INFO - Bot is actively trading...
2025-03-27 15:00:22 - INFO - Bot is actively trading...
2025-03-27 15:00:27 - INFO - Bot is actively trading...
2025-03-27 15:00:32 - INFO - Bot is actively trading...
2025-03-27 15:00:37 - INFO - Bot is actively trading...
2025-03-27 15:00:42 - INFO - Bot is actively trading...
2025-03-27 15:00:47 - INFO - Bot is actively trading...
2025-03-27 15:00:52 - INFO - Bot is actively trading...
2025-03-27 15:00:57 - INFO - Bot is actively trading...
2025-03-27 15:01:02 - INFO - Bot is actively trading...
2025-03-27 15:01:07 - INFO - Bot is actively trading...
2025-03-27 15:01:12 - INFO - Bot is actively trading...
2025-03-27 15:01:17 - INFO - Bot is actively trading...
2025-03-27 15:01:22 - INFO - Bot is actively trading...
2025-03-27 15:01:27 - INFO - Bot is actively trading...
2025-03-27 15:01:32 - INFO - Bot is actively trading...
2025-03-27 15:01:37 - INFO - Bot is actively trading...
2025-03-27 15:01:42 - INFO - Bot is actively trading...
2025-03-27 15:01:47 - INFO - Bot is actively trading...
2025-03-27 15:01:52 - INFO - Bot is actively trading...
2025-03-27 15:01:57 - INFO - Bot is actively trading...
2025-03-27 15:02:02 - INFO - Bot is actively trading...
2025-03-27 15:02:07 - INFO - Bot is actively trading...
2025-03-27 15:02:12 - INFO - Bot is actively trading...
2025-03-27 15:02:17 - INFO - Bot is actively trading...
2025-03-27 15:02:22 - INFO - Bot is actively trading...
2025-03-27 15:02:27 - INFO - Bot is actively trading...
2025-03-27 15:02:32 - INFO - Bot is actively trading...
2025-03-27 15:02:37 - INFO - Bot is actively trading...
2025-03-27 15:02:42 - INFO - Bot is actively trading...
2025-03-27 15:02:47 - INFO - Bot is actively trading...
2025-03-27 15:02:52 - INFO - Bot is actively trading...
2025-03-27 15:02:57 - INFO - Bot is actively trading...
2025-03-27 15:03:02 - INFO - Bot is actively trading...
2025-03-27 15:03:07 - INFO - Bot is actively trading...
2025-03-27 15:03:12 - INFO - Bot is actively trading...
2025-03-27 15:03:17 - INFO - Bot is actively trading...
2025-03-27 15:03:22 - INFO - Bot is actively trading...
2025-03-27 15:03:27 - INFO - Bot is actively trading...
2025-03-27 15:03:32 - INFO - Bot is actively trading...
2025-03-27 15:03:37 - INFO - Bot is actively trading...
2025-03-27 15:03:42 - INFO - Bot is actively trading...
2025-03-27 15:03:47 - INFO - Bot is actively trading...
2025-03-27 15:03:52 - INFO - Bot is actively trading...
2025-03-27 15:03:57 - INFO - Bot is actively trading...
2025-03-27 15:04:02 - INFO - Bot is actively trading...
2025-03-27 15:04:07 - INFO - Bot is actively trading...
2025-03-27 15:04:12 - INFO - Bot is actively trading...
2025-03-27 15:04:17 - INFO - Bot is actively trading...
2025-03-27 15:04:22 - INFO - Bot is actively trading...
2025-03-27 15:04:27 - INFO - Bot is actively trading...
2025-03-27 15:04:32 - INFO - Bot is actively trading...
2025-03-27 15:04:37 - INFO - Bot is actively trading...
2025-03-27 15:04:42 - INFO - Bot is actively trading...
2025-03-27 15:04:47 - INFO - Bot is actively trading...
2025-03-27 15:04:52 - INFO - Bot is actively trading...
2025-03-27 15:04:57 - INFO - Bot is actively trading...
2025-03-27 15:05:02 - INFO - Bot is actively trading...
2025-03-27 15:05:07 - INFO - Bot is actively trading...
2025-03-27 15:05:12 - INFO - Bot is actively trading...
2025-03-27 15:05:17 - INFO - Bot is actively trading...
2025-03-27 15:05:22 - INFO - Bot is actively trading...
2025-03-27 15:05:27 - INFO - Bot is actively trading...
2025-03-27 15:05:32 - INFO - Bot is actively trading...
2025-03-27 15:05:37 - INFO - Bot is actively trading...
2025-03-27 15:05:42 - INFO - Bot is actively trading...
2025-03-27 15:05:47 - INFO - Bot is actively trading...
2025-03-27 15:05:52 - INFO - Bot is actively trading...
2025-03-27 15:05:57 - INFO - Bot is actively trading...
2025-03-27 15:06:02 - INFO - Bot is actively trading...
2025-03-27 15:06:07 - INFO - Bot is actively trading...
2025-03-27 15:06:12 - INFO - Bot is actively trading...
2025-03-27 15:06:17 - INFO - Bot is actively trading...
2025-03-27 15:06:22 - INFO - Bot is actively trading...
2025-03-27 15:06:27 - INFO - Bot is actively trading...
2025-03-27 15:06:32 - INFO - Bot is actively trading...
2025-03-27 15:06:37 - INFO - Bot is actively trading...
2025-03-27 15:06:42 - INFO - Bot is actively trading...
2025-03-27 15:06:47 - INFO - Bot is actively trading...
2025-03-27 15:06:52 - INFO - Bot is actively trading...
2025-03-27 15:06:57 - INFO - Bot is actively trading...
2025-03-27 15:07:02 - INFO - Bot is actively trading...
2025-03-27 15:07:07 - INFO - Bot is actively trading...
2025-03-27 15:07:12 - INFO - Bot is actively trading...
2025-03-27 15:07:17 - INFO - Bot is actively trading...
2025-03-27 15:07:22 - INFO - Bot is actively trading...
2025-03-27 15:07:27 - INFO - Bot is actively trading...
2025-03-27 15:07:32 - INFO - Bot is actively trading...
2025-03-27 15:07:49 - INFO - Starting the trading bot script...
2025-03-27 15:07:52 - CRITICAL - Failed to initialize live trading: Missing environment variables: BINANCE_API_KEY, BINANCE_API_SECRET
2025-03-27 15:09:16 - INFO - Starting the trading bot script...
2025-03-27 15:09:19 - CRITICAL - Failed to initialize live trading: Missing environment variables: BINANCE_API_KEY, BINANCE_API_SECRET
2025-03-27 15:12:20 - INFO - Starting the trading bot script...
2025-03-27 15:12:22 - CRITICAL - Failed to initialize live trading: No module named 'binance.websockets'
2025-03-27 15:15:20 - INFO - Starting the trading bot script...
2025-03-27 15:15:23 - CRITICAL - Failed to initialize live trading: No module named 'binance.streams'
2025-03-27 15:16:43 - INFO - Starting the trading bot script...
2025-03-27 15:16:46 - CRITICAL - Failed to initialize live trading: name 'self' is not defined
2025-03-27 15:19:19 - INFO - Starting the trading bot script...
2025-03-27 15:19:22 - CRITICAL - Failed to initialize live trading: name 'self' is not defined
2025-03-27 15:21:01 - INFO - Starting the trading bot script...
2025-03-27 15:21:04 - CRITICAL - Failed to initialize live trading: name 'self' is not defined
2025-03-27 15:23:41 - INFO - Starting the trading bot script...
2025-03-27 15:23:43 - CRITICAL - Failed to initialize live trading: name 'self' is not defined
2025-03-27 15:24:03 - INFO - Starting the trading bot script...
2025-03-27 15:24:05 - INFO - ✅ Successfully connected to Binance Testnet API
2025-03-27 15:24:05 - ERROR - ⚠️ Failed to fetch klines from Binance Testnet: name 'self' is not defined
2025-03-27 15:26:24 - INFO - Starting the trading bot script...
2025-03-27 15:26:26 - INFO - ✅ Successfully connected to Binance Testnet API
2025-03-27 15:26:26 - ERROR - ⚠️ Failed to fetch klines from Binance Testnet: name 'self' is not defined
2025-03-27 15:26:58 - INFO - Starting the trading bot script...
2025-03-27 15:27:00 - CRITICAL - Failed to initialize live trading: name 'self' is not defined
2025-03-27 15:27:30 - INFO - Starting the trading bot script...
2025-03-27 15:27:32 - INFO - ✅ Successfully connected to Binance Testnet API
2025-03-27 15:27:32 - ERROR - ⚠️ Failed to fetch klines from Binance Testnet: name 'self' is not defined
2025-03-27 15:30:34 - INFO - Starting the trading bot script...
2025-03-27 15:30:36 - INFO - ✅ Successfully connected to Binance Testnet API
2025-03-27 15:30:36 - ERROR - ⚠️ Failed to fetch klines from Binance Testnet: name 'self' is not defined
2025-03-27 15:31:31 - INFO - Starting the trading bot script...
2025-03-27 15:31:33 - INFO - ✅ Successfully connected to Binance Testnet API
2025-03-27 15:31:33 - ERROR - ⚠️ Failed to fetch klines from Binance Testnet: name 'Self' is not defined
2025-03-27 15:33:19 - INFO - Starting the trading bot script...
2025-03-27 15:33:21 - INFO - ✅ Successfully connected to Binance Testnet API
2025-03-27 15:33:21 - ERROR - ⚠️ Failed to fetch klines from Binance Testnet: name 'self' is not defined
2025-03-27 15:34:14 - INFO - Starting the trading bot script...
2025-03-27 15:34:17 - INFO - ✅ Successfully connected to Binance Testnet API
2025-03-27 15:34:17 - ERROR - ⚠️ Failed to fetch klines from Binance Testnet: name 'self' is not defined
2025-03-27 15:36:31 - INFO - Starting the trading bot script...
2025-03-27 15:36:33 - INFO - ✅ Successfully connected to Binance Testnet API
2025-03-27 15:40:06 - INFO - Starting the trading bot script...
2025-03-27 15:40:08 - INFO - ✅ Successfully connected to Binance Testnet API
2025-03-27 15:40:08 - ERROR - ⚠️ Failed to fetch klines from Binance Testnet: name 'self' is not defined
2025-03-27 15:41:35 - INFO - Starting the trading bot script...
2025-03-27 15:43:24 - INFO - Starting the trading bot script...
2025-03-27 15:43:27 - INFO - ✅ Successfully connected to Binance Testnet API
2025-03-27 15:43:27 - ERROR - ⚠️ Failed to fetch klines from Binance Testnet: name 'self' is not defined
2025-03-27 15:43:47 - INFO - Starting the trading bot script...
2025-03-27 15:43:50 - INFO - ✅ Successfully connected to Binance Testnet API
2025-03-27 15:43:50 - ERROR - ⚠️ Failed to fetch klines from Binance Testnet: name 'self' is not defined
2025-04-02 14:35:38 - INFO - Starting the trading bot script...
2025-04-02 14:35:41 - CRITICAL - Failed to initialize live trading: Missing environment variables: BINANCE_API_KEY, BINANCE_API_SECRET
2025-04-02 19:19:11 - INFO - Starting the trading bot script...
2025-04-02 19:19:14 - CRITICAL - Failed to initialize live trading: Missing environment variables: BINANCE_API_KEY, BINANCE_API_SECRET
2025-04-02 19:21:36 - INFO - Starting the trading bot script...
2025-04-02 19:21:39 - INFO - ✅ Successfully connected to Binance Testnet API
2025-04-02 19:21:39 - ERROR - ⚠️ Failed to fetch klines from Binance Testnet: name 'self' is not defined
2025-04-02 19:23:06 - INFO - Starting the trading bot script...
2025-04-02 19:23:09 - INFO - ✅ Successfully connected to Binance Testnet API
2025-04-02 19:23:09 - ERROR - ⚠️ Failed to fetch klines from Binance Testnet: name 'self' is not defined
2025-04-02 19:24:28 - INFO - Starting the trading bot script...
2025-04-02 19:24:30 - INFO - ✅ Successfully connected to Binance Testnet API
2025-04-02 19:24:30 - ERROR - ⚠️ Failed to fetch klines from Binance Testnet: name 'self' is not defined
2025-04-02 19:25:04 - INFO - Starting the trading bot script...
2025-04-02 19:25:06 - INFO - ✅ Successfully connected to Binance Testnet API
2025-04-02 19:25:06 - ERROR - ⚠️ Failed to fetch klines from Binance Testnet: name 'self' is not defined
2025-04-02 19:26:52 - INFO - Starting the trading bot script...
2025-04-02 19:26:54 - INFO - ✅ Successfully connected to Binance Testnet API
2025-04-02 19:26:54 - ERROR - ⚠️ Failed to fetch klines from Binance Testnet: name 'self' is not defined
2025-04-02 19:34:20 - INFO - Starting the trading bot script...
2025-04-02 19:34:22 - INFO - ✅ Successfully connected to Binance Testnet API
2025-04-02 19:34:22 - ERROR - ⚠️ Failed to fetch klines from Binance Testnet: name 'self' is not defined
2025-04-02 19:41:34 - INFO - ✅ Retrieved Binance Testnet market data
2025-04-02 19:43:32 - INFO - Starting the trading bot script...
2025-04-02 19:43:34 - INFO - ✅ Successfully connected to Binance Testnet API
2025-04-02 19:43:34 - ERROR - ⚠️ Failed to fetch klines from Binance Testnet: name 'self' is not defined
2025-04-02 19:44:54 - INFO - Starting the trading bot script...
2025-04-02 19:44:56 - INFO - ✅ Successfully connected to Binance Testnet API
2025-04-02 19:44:56 - ERROR - ⚠️ Failed to fetch klines from Binance Testnet: name 'self' is not defined
2025-04-02 19:47:39 - INFO - Starting the trading bot script...
2025-04-02 19:47:41 - INFO - ✅ Successfully connected to Binance Testnet API
2025-04-02 19:47:41 - ERROR - ⚠️ Failed to fetch klines from Binance Testnet: name 'self' is not defined
2025-04-02 19:48:56 - INFO - Starting the trading bot script...
2025-04-02 19:48:58 - INFO - ✅ Successfully connected to Binance Testnet API
2025-04-02 19:48:58 - ERROR - ⚠️ Failed to fetch klines from Binance Testnet: name 'self' is not defined
2025-04-02 19:50:01 - INFO - Starting the trading bot script...
2025-04-02 19:50:03 - INFO - ✅ Successfully connected to Binance Testnet API
2025-04-02 19:50:03 - ERROR - ⚠️ Failed to fetch klines from Binance Testnet: name 'self' is not defined
2025-04-02 19:51:16 - INFO - Starting the trading bot script...
2025-04-02 19:51:18 - INFO - ✅ Successfully connected to Binance Testnet API
2025-04-02 19:51:18 - ERROR - ⚠️ Failed to fetch klines from Binance Testnet: name 'self' is not defined
2025-04-02 19:53:03 - INFO - Starting the trading bot script...
2025-04-02 19:53:05 - INFO - ✅ Successfully connected to Binance Testnet API
2025-04-02 19:53:05 - ERROR - ⚠️ Failed to fetch klines from Binance Testnet: name 'self' is not defined
2025-04-09 13:42:59 - INFO - Starting the trading bot script...
2025-04-09 13:43:01 - INFO -  Successfully connected to Binance Testnet API
2025-04-09 13:43:01 - ERROR - ⚠️ Failed to fetch klines from Binance Testnet: name 'self' is not defined
2025-04-11 14:31:02 - INFO - Starting the trading bot script...
2025-04-11 14:31:05 - INFO - Successfully connected to Binance Testnet API
2025-04-11 14:31:05 - ERROR - ⚠️ Failed to fetch klines from Binance Testnet: name 'self' is not defined
2025-04-11 14:42:00 - INFO - Starting the trading bot script...
2025-04-11 14:42:03 - ERROR - ⚠️ Failed to fetch klines from Binance Testnet: name 'self' is not defined
2025-04-11 14:56:29 - INFO - Starting the trading bot script...
2025-04-11 14:56:31 - INFO - Successfully connected to Binance Testnet API
2025-04-11 14:56:31 - ERROR - ⚠️ Failed to fetch klines from Binance Testnet: name 'self' is not defined
2025-04-18 23:09:07 - INFO - Starting the trading bot script...
2025-04-18 23:09:09 - INFO - Successfully connected to Binance Testnet API
2025-04-18 23:09:09 - ERROR - ⚠️ Failed to fetch klines from Binance Testnet: name 'self' is not defined
2025-04-23 13:18:50 - INFO - Starting the trading bot script...
2025-04-23 13:18:53 - INFO - Successfully connected to Binance Testnet API
2025-04-23 13:18:53 - ERROR - ⚠️ Failed to fetch klines from Binance Testnet: name 'self' is not defined
2025-04-23 13:38:04 - INFO - Starting the trading bot script...
2025-04-23 13:38:06 - INFO - Successfully connected to Binance Testnet API
2025-04-23 13:38:06 - ERROR - ⚠️ Failed to fetch klines from Binance Testnet: name 'self' is not defined
2025-04-23 13:46:40 - INFO - Starting the trading bot script...
2025-04-23 13:46:42 - INFO - Successfully connected to Binance Testnet API
2025-04-23 13:46:42 - ERROR - ⚠️ Failed to fetch klines from Binance Testnet: name 'self' is not defined
2025-04-23 13:55:03 - INFO - Starting the trading bot script...
2025-04-23 13:55:05 - INFO - Successfully connected to Binance Testnet API
2025-04-23 13:55:05 - ERROR - ⚠️ Failed to fetch klines from Binance Testnet: name 'self' is not defined
2025-04-23 13:57:45 - INFO - Starting the trading bot script...
2025-04-23 13:57:47 - INFO - Successfully connected to Binance Testnet API
2025-04-23 13:57:47 - ERROR - ⚠️ Failed to fetch klines from Binance Testnet: name 'self' is not defined
2025-04-23 13:59:18 - INFO - Starting the trading bot script...
2025-04-23 13:59:20 - INFO - Successfully connected to Binance Testnet API
2025-04-23 13:59:20 - ERROR - ⚠️ Failed to fetch klines from Binance Testnet: name 'self' is not defined
2025-04-23 14:34:22 - INFO - Starting the trading bot script...
2025-04-23 14:34:24 - INFO - Successfully connected to Binance Testnet API
2025-04-23 14:34:24 - ERROR - Failed to fetch klines from Binance Testnet: 'TradingBot' object has no attribute 'config'
2025-04-23 14:36:56 - INFO - Starting the trading bot script...
2025-04-23 14:36:58 - INFO - Successfully connected to Binance Testnet API
2025-04-23 14:37:24 - INFO - Starting the trading bot script...
2025-04-23 14:37:26 - INFO - Successfully connected to Binance Testnet API
2025-04-23 14:37:27 - ERROR - Failed to fetch klines from Binance Testnet: 'TradingBot' object has no attribute 'simulate'
2025-04-23 14:38:37 - INFO - Starting the trading bot script...
2025-04-23 14:38:40 - INFO - Successfully connected to Binance Testnet API
2025-04-23 14:38:40 - ERROR - Failed to fetch klines from Binance Testnet: 'TradingBot' object has no attribute 'client'
2025-04-23 14:39:21 - INFO - Starting the trading bot script...
2025-04-23 14:39:24 - INFO - Successfully connected to Binance Testnet API
2025-04-23 14:39:25 - INFO - Retrieved Binance Testnet market data
2025-04-23 14:44:18 - INFO - Starting the trading bot script...
2025-04-23 14:44:20 - INFO - Successfully connected to Binance Testnet API
2025-04-23 14:44:22 - INFO - Retrieved Binance Testnet market data
